<?xml version="1.0" encoding="UTF-8"?>
<!-- Generated by org.testng.reporters.JUnitReportReporter -->
<testsuite hostname="DESKTOP-81O6EE0" failures="0" tests="9" name="com.TestNGScripts.AnnotationsTestNG" time="0.015" errors="0" timestamp="06 Sep 2020 21:08:03 GMT" skipped="0">
  <testcase classname="com.TestNGScripts.AnnotationsTestNG" name="createCust" time="0.002"/>
  <testcase classname="com.TestNGScripts.AnnotationsTestNG" name="createCust" time="0.004"/>
  <testcase classname="com.TestNGScripts.AnnotationsTestNG" name="createCust" time="0.001"/>
  <testcase classname="com.TestNGScripts.AnnotationsTestNG" name="searchCust" time="0.002"/>
  <testcase classname="com.TestNGScripts.AnnotationsTestNG" name="searchCust" time="0.002"/>
  <testcase classname="com.TestNGScripts.AnnotationsTestNG" name="searchCust" time="0.001"/>
  <testcase classname="com.TestNGScripts.AnnotationsTestNG" name="deleteCust" time="0.002"/>
  <testcase classname="com.TestNGScripts.AnnotationsTestNG" name="deleteCust" time="0.001"/>
  <testcase classname="com.TestNGScripts.AnnotationsTestNG" name="deleteCust" time="0.000"/>
</testsuite> <!-- com.TestNGScripts.AnnotationsTestNG -->
