<?xml version="1.0" encoding="UTF-8"?>
<!-- Generated by org.testng.reporters.JUnitReportReporter -->
<testsuite hostname="DESKTOP-81O6EE0" failures="0" tests="2" name="com.TestNGScripts.WikiTestScripts" time="14.183" errors="0" timestamp="06 Sep 2020 15:18:38 GMT" skipped="0">
  <testcase classname="com.TestNGScripts.WikiTestScripts" name="createAccount" time="13.294"/>
  <testcase classname="com.TestNGScripts.WikiTestScripts" name="MainPage" time="0.889"/>
</testsuite> <!-- com.TestNGScripts.WikiTestScripts -->
