<?xml version="1.0" encoding="UTF-8"?>
<!-- Generated by org.testng.reporters.JUnitReportReporter -->
<testsuite hostname="DESKTOP-81O6EE0" failures="0" tests="1" name="com.TestNGScripts.ParameterezationwithExcel" time="0.000" errors="0" timestamp="06 Sep 2020 13:47:16 GMT" skipped="1">
  <testcase classname="com.TestNGScripts.ParameterezationwithExcel" name="wikipagedata" time="0.000">
    <skipped/>
  </testcase> <!-- wikipagedata -->
</testsuite> <!-- com.TestNGScripts.ParameterezationwithExcel -->
