<?xml version="1.0" encoding="UTF-8"?>
<!-- Generated by org.testng.reporters.JUnitReportReporter -->
<testsuite hostname="DESKTOP-81O6EE0" failures="0" tests="1" name="com.TestNGScripts.KeyEvents" time="15.366" errors="0" timestamp="2020-09-06T18:13:50 EDT" skipped="0">
  <testcase classname="com.TestNGScripts.KeyEvents" name="Keyevenetsmethod" time="15.366"/>
  <system-out/>
</testsuite> <!-- com.TestNGScripts.KeyEvents -->
