<?xml version="1.0" encoding="UTF-8"?>
<!-- Generated by org.testng.reporters.JUnitReportReporter -->
<testsuite hostname="DESKTOP-81O6EE0" failures="0" tests="1" name="com.TestNGScripts.MouseOverDemo" time="4.786" errors="0" timestamp="06 Sep 2020 22:00:08 GMT" skipped="0">
  <testcase classname="com.TestNGScripts.MouseOverDemo" name="dragandDropmethod" time="4.786"/>
</testsuite> <!-- com.TestNGScripts.MouseOverDemo -->
